<?xml version="1.0" encoding="UTF-8"?>
<testsuite name="com.draft.htmlunti.demo.StaticSiteScraperTest" tests="1" skipped="0" failures="0" errors="0" timestamp="2023-02-14T07:52:23" hostname="Vikrams-MacBook-Pro.local" time="1.659">
  <properties/>
  <testcase name="testStaticScraper()" classname="com.draft.htmlunti.demo.StaticSiteScraperTest" time="1.659"/>
  <system-out><![CDATA[]]></system-out>
  <system-err><![CDATA[Feb 14, 2023 1:22:24 PM com.gargoylesoftware.htmlunit.DefaultCssErrorHandler error
WARNING: CSS error: 'https://en.wikipedia.org/w/load.php?lang=en&modules=ext.cite.styles%7Cext.uls.interlanguage%7Cext.visualEditor.desktopArticleTarget.noscript%7Cext.wikimediaBadges%7Cjquery.makeCollapsible.styles%7Cmediawiki.ui.button%2Cicon%7Cskins.vector.icons%2Cstyles%7Cwikibase.client.init&only=styles&skin=vector-2022' [1:77088] Error in expression. (Invalid token "*". Was expecting one of: <S>, <NUMBER>, "inherit", <IDENT>, <STRING>, ")", "-", "=", <PLUS>, <COMMA>, <HASH>, <EMS>, <REM>, <EXS>, <CH>, <VW>, <VH>, <VMIN>, <VMAX>, <LENGTH_PX>, <LENGTH_CM>, <LENGTH_MM>, <LENGTH_IN>, <LENGTH_PT>, <LENGTH_PC>, <LENGTH_Q>, <ANGLE_DEG>, <ANGLE_RAD>, <ANGLE_GRAD>, <ANGLE_TURN>, <TIME_MS>, <TIME_S>, <FREQ_HZ>, <FREQ_KHZ>, <RESOLUTION_DPI>, <RESOLUTION_DPCM>, <PERCENTAGE>, <DIMENSION>, <UNICODE_RANGE>, <URI>, <FUNCTION_CALC>, <FUNCTION_VAR>, <FUNCTION_RGB>, <FUNCTION_HSL>, <FUNCTION>, "progid:".)
Feb 14, 2023 1:22:24 PM com.gargoylesoftware.htmlunit.DefaultCssErrorHandler error
WARNING: CSS error: 'https://en.wikipedia.org/w/load.php?lang=en&modules=ext.cite.styles%7Cext.uls.interlanguage%7Cext.visualEditor.desktopArticleTarget.noscript%7Cext.wikimediaBadges%7Cjquery.makeCollapsible.styles%7Cmediawiki.ui.button%2Cicon%7Cskins.vector.icons%2Cstyles%7Cwikibase.client.init&only=styles&skin=vector-2022' [1:77669] Error in expression. (Invalid token "*". Was expecting one of: <S>, <NUMBER>, "inherit", <IDENT>, <STRING>, ")", "-", "=", <PLUS>, <COMMA>, <HASH>, <EMS>, <REM>, <EXS>, <CH>, <VW>, <VH>, <VMIN>, <VMAX>, <LENGTH_PX>, <LENGTH_CM>, <LENGTH_MM>, <LENGTH_IN>, <LENGTH_PT>, <LENGTH_PC>, <LENGTH_Q>, <ANGLE_DEG>, <ANGLE_RAD>, <ANGLE_GRAD>, <ANGLE_TURN>, <TIME_MS>, <TIME_S>, <FREQ_HZ>, <FREQ_KHZ>, <RESOLUTION_DPI>, <RESOLUTION_DPCM>, <PERCENTAGE>, <DIMENSION>, <UNICODE_RANGE>, <URI>, <FUNCTION_CALC>, <FUNCTION_VAR>, <FUNCTION_RGB>, <FUNCTION_HSL>, <FUNCTION>, "progid:".)
Feb 14, 2023 1:22:24 PM com.gargoylesoftware.htmlunit.DefaultCssErrorHandler error
WARNING: CSS error: 'https://en.wikipedia.org/w/load.php?lang=en&modules=ext.cite.styles%7Cext.uls.interlanguage%7Cext.visualEditor.desktopArticleTarget.noscript%7Cext.wikimediaBadges%7Cjquery.makeCollapsible.styles%7Cmediawiki.ui.button%2Cicon%7Cskins.vector.icons%2Cstyles%7Cwikibase.client.init&only=styles&skin=vector-2022' [1:78060] Error in expression. (Invalid token "*". Was expecting one of: <S>, <NUMBER>, "inherit", <IDENT>, <STRING>, ")", "-", "=", <PLUS>, <COMMA>, <HASH>, <EMS>, <REM>, <EXS>, <CH>, <VW>, <VH>, <VMIN>, <VMAX>, <LENGTH_PX>, <LENGTH_CM>, <LENGTH_MM>, <LENGTH_IN>, <LENGTH_PT>, <LENGTH_PC>, <LENGTH_Q>, <ANGLE_DEG>, <ANGLE_RAD>, <ANGLE_GRAD>, <ANGLE_TURN>, <TIME_MS>, <TIME_S>, <FREQ_HZ>, <FREQ_KHZ>, <RESOLUTION_DPI>, <RESOLUTION_DPCM>, <PERCENTAGE>, <DIMENSION>, <UNICODE_RANGE>, <URI>, <FUNCTION_CALC>, <FUNCTION_VAR>, <FUNCTION_RGB>, <FUNCTION_HSL>, <FUNCTION>, "progid:".)
Feb 14, 2023 1:22:24 PM com.gargoylesoftware.htmlunit.DefaultCssErrorHandler error
WARNING: CSS error: 'https://en.wikipedia.org/w/load.php?lang=en&modules=ext.cite.styles%7Cext.uls.interlanguage%7Cext.visualEditor.desktopArticleTarget.noscript%7Cext.wikimediaBadges%7Cjquery.makeCollapsible.styles%7Cmediawiki.ui.button%2Cicon%7Cskins.vector.icons%2Cstyles%7Cwikibase.client.init&only=styles&skin=vector-2022' [1:78566] Error in expression. (Invalid token "*". Was expecting one of: <S>, <NUMBER>, "inherit", <IDENT>, <STRING>, ")", "-", "=", <PLUS>, <COMMA>, <HASH>, <EMS>, <REM>, <EXS>, <CH>, <VW>, <VH>, <VMIN>, <VMAX>, <LENGTH_PX>, <LENGTH_CM>, <LENGTH_MM>, <LENGTH_IN>, <LENGTH_PT>, <LENGTH_PC>, <LENGTH_Q>, <ANGLE_DEG>, <ANGLE_RAD>, <ANGLE_GRAD>, <ANGLE_TURN>, <TIME_MS>, <TIME_S>, <FREQ_HZ>, <FREQ_KHZ>, <RESOLUTION_DPI>, <RESOLUTION_DPCM>, <PERCENTAGE>, <DIMENSION>, <UNICODE_RANGE>, <URI>, <FUNCTION_CALC>, <FUNCTION_VAR>, <FUNCTION_RGB>, <FUNCTION_HSL>, <FUNCTION>, "progid:".)
Feb 14, 2023 1:22:24 PM com.gargoylesoftware.htmlunit.IncorrectnessListenerImpl notify
WARNING: Obsolete content type encountered: 'text/javascript'.
]]></system-err>
</testsuite>
